
##############################################################
Please check the results for D11-6620.
	Only one call have been made for this assayn	C___1617938_1_


##############################################################
The duplicates for this assay < C___7941744_10 > don't have the same results namely 

	Undetermined and rs3108237_G

have a look at TaqMan results file


##############################################################

Please check the results for D11-6620.
	Only one call have been made for this assay
	C___1617938_1_

##############################################################

The duplicates for this assay < C___7941744_10 > don't have the same results namely 

	Undetermined and rs3108237_G

have a look at TaqMan results file


##############################################################

Please check the results for D11-6620.
	Only one call have been made for this assay
	C___1617938_1_

##############################################################

The duplicates for this assay < C___7941744_10 > don't have the same results namely 

	Undetermined and rs3108237_G

have a look at TaqMan results file


